#
# There is insufficient memory for the Java Runtime Environment to continue.
# Native memory allocation (malloc) failed to allocate 1592432 bytes for Chunk::new
# Possible reasons:
#   The system is out of physical RAM or swap space
#   The process is running with CompressedOops enabled, and the Java Heap may be blocking the growth of the native heap
# Possible solutions:
#   Reduce memory load on the system
#   Increase physical memory or swap space
#   Check if swap backing store is full
#   Decrease Java heap size (-Xmx/-Xms)
#   Decrease number of Java threads
#   Decrease Java thread stack sizes (-Xss)
#   Set larger code cache with -XX:ReservedCodeCacheSize=
#   JVM is running with Unscaled Compressed Oops mode in which the Java heap is
#     placed in the first 4GB address space. The Java Heap base address is the
#     maximum limit for the native heap growth. Please use -XX:HeapBaseMinAddress
#     to set the Java Heap base and to place the Java Heap above 4GB virtual address.
# This output file may be truncated or incomplete.
#
#  Out of Memory Error (allocation.cpp:389), pid=9240, tid=0x00000000000046a4
#
# JRE version: OpenJDK Runtime Environment (8.0_242-b01) (build 1.8.0_242-release-1644-b01)
# Java VM: OpenJDK 64-Bit Server VM (25.242-b01 mixed mode windows-amd64 compressed oops)
# Failed to write core dump. Minidumps are not enabled by default on client versions of Windows
#

---------------  T H R E A D  ---------------

Current thread (0x0000000017499800):  JavaThread "C2 CompilerThread0" daemon [_thread_in_native, id=18084, stack(0x0000000018b20000,0x0000000018c20000)]

Stack: [0x0000000018b20000,0x0000000018c20000]
[error occurred during error reporting (printing stack bounds), id 0xc0000005]

Native frames: (J=compiled Java code, j=interpreted, Vv=VM code, C=native code)


Current CompileTask:
C2: 292056 21510   !   4       org.gradle.internal.snapshot.impl.DirectorySnapshotter$PathVisitor::visitFile (161 bytes)


---------------  P R O C E S S  ---------------

Java Threads: ( => current thread )
  0x000000001b1cf000 JavaThread "WorkerExecutor Queue" [_thread_blocked, id=828, stack(0x000000002bb50000,0x000000002bc50000)]
  0x000000001b1c6000 JavaThread "Cache worker for execution history cache (D:\Polytech\PTI\Minautor\.gradle\6.5\executionHistory)" [_thread_blocked, id=21732, stack(0x000000002b850000,0x000000002b950000)]
  0x000000001b1cc800 JavaThread "Execution worker for ':' Thread 3" [_thread_in_Java, id=18296, stack(0x000000002b350000,0x000000002b450000)]
  0x000000001b1c5000 JavaThread "Execution worker for ':' Thread 2" [_thread_blocked, id=22560, stack(0x000000002b250000,0x000000002b350000)]
  0x000000001b1cc000 JavaThread "Execution worker for ':'" [_thread_blocked, id=16856, stack(0x000000002b150000,0x000000002b250000)]
  0x000000001b1c3800 JavaThread "Cache worker for file content cache (D:\Polytech\PTI\Minautor\.gradle\6.5\fileContent)" [_thread_blocked, id=21856, stack(0x00000000295d0000,0x00000000296d0000)]
  0x000000001b1c9800 JavaThread "Cache worker for Build Output Cleanup Cache (D:\Polytech\PTI\Minautor\.gradle\buildOutputCleanup)" [_thread_blocked, id=6012, stack(0x0000000029280000,0x0000000029380000)]
  0x000000001b1c4800 JavaThread "jar transforms Thread 226" [_thread_blocked, id=19020, stack(0x0000000029180000,0x0000000029280000)]
  0x000000001b1c6800 JavaThread "jar transforms Thread 225" [_thread_blocked, id=16328, stack(0x0000000029080000,0x0000000029180000)]
  0x000000001b1ca800 JavaThread "jar transforms Thread 224" [_thread_blocked, id=18016, stack(0x0000000028f80000,0x0000000029080000)]
  0x000000001b1c2000 JavaThread "jar transforms Thread 223" [_thread_blocked, id=7720, stack(0x0000000028e80000,0x0000000028f80000)]
  0x000000001b1c9000 JavaThread "jar transforms Thread 222" [_thread_blocked, id=12616, stack(0x0000000028d80000,0x0000000028e80000)]
  0x000000001b1c8000 JavaThread "jar transforms Thread 221" [_thread_blocked, id=20128, stack(0x0000000028c80000,0x0000000028d80000)]
  0x000000001b1c3000 JavaThread "jar transforms Thread 220" [_thread_blocked, id=11052, stack(0x0000000028b80000,0x0000000028c80000)]
  0x000000001e955800 JavaThread "jar transforms Thread 219" [_thread_blocked, id=14476, stack(0x0000000028a80000,0x0000000028b80000)]
  0x000000001e954800 JavaThread "jar transforms Thread 218" [_thread_blocked, id=5748, stack(0x0000000028980000,0x0000000028a80000)]
  0x000000001e957800 JavaThread "jar transforms Thread 217" [_thread_blocked, id=22392, stack(0x0000000028880000,0x0000000028980000)]
  0x000000001e957000 JavaThread "jar transforms Thread 216" [_thread_blocked, id=13976, stack(0x0000000028780000,0x0000000028880000)]
  0x000000001e95b800 JavaThread "jar transforms Thread 215" [_thread_blocked, id=23172, stack(0x0000000028680000,0x0000000028780000)]
  0x000000001e954000 JavaThread "jar transforms Thread 214" [_thread_blocked, id=9728, stack(0x0000000028580000,0x0000000028680000)]
  0x000000001e959000 JavaThread "jar transforms Thread 213" [_thread_blocked, id=7340, stack(0x0000000028480000,0x0000000028580000)]
  0x000000001e958800 JavaThread "jar transforms Thread 212" [_thread_blocked, id=4216, stack(0x0000000028380000,0x0000000028480000)]
  0x000000001e956000 JavaThread "jar transforms Thread 211" [_thread_blocked, id=11984, stack(0x0000000028280000,0x0000000028380000)]
  0x000000001e95a800 JavaThread "jar transforms Thread 210" [_thread_blocked, id=356, stack(0x0000000028180000,0x0000000028280000)]
  0x000000001e95a000 JavaThread "jar transforms Thread 209" [_thread_blocked, id=17288, stack(0x0000000028080000,0x0000000028180000)]
  0x000000001e94c800 JavaThread "jar transforms Thread 208" [_thread_blocked, id=20828, stack(0x0000000027f80000,0x0000000028080000)]
  0x000000001e951000 JavaThread "jar transforms Thread 207" [_thread_blocked, id=10100, stack(0x0000000027e80000,0x0000000027f80000)]
  0x000000001e94f800 JavaThread "jar transforms Thread 206" [_thread_blocked, id=17836, stack(0x0000000027d80000,0x0000000027e80000)]
  0x000000001e953000 JavaThread "jar transforms Thread 205" [_thread_blocked, id=16020, stack(0x0000000027c80000,0x0000000027d80000)]
  0x000000001e950000 JavaThread "jar transforms Thread 204" [_thread_blocked, id=18164, stack(0x0000000027b80000,0x0000000027c80000)]
  0x000000001e951800 JavaThread "jar transforms Thread 203" [_thread_blocked, id=16300, stack(0x0000000027a80000,0x0000000027b80000)]
  0x000000001e94e800 JavaThread "jar transforms Thread 202" [_thread_blocked, id=3552, stack(0x0000000027980000,0x0000000027a80000)]
  0x000000001e952800 JavaThread "jar transforms Thread 201" [_thread_blocked, id=22104, stack(0x0000000027880000,0x0000000027980000)]
  0x000000001e94d000 JavaThread "jar transforms Thread 200" [_thread_blocked, id=10508, stack(0x0000000027780000,0x0000000027880000)]
  0x000000001e94e000 JavaThread "jar transforms Thread 199" [_thread_blocked, id=19068, stack(0x0000000027680000,0x0000000027780000)]
  0x000000001ba1a800 JavaThread "jar transforms Thread 198" [_thread_blocked, id=6876, stack(0x0000000027580000,0x0000000027680000)]
  0x000000001ba1a000 JavaThread "jar transforms Thread 197" [_thread_blocked, id=23476, stack(0x0000000027480000,0x0000000027580000)]
  0x000000001ba19000 JavaThread "jar transforms Thread 196" [_thread_blocked, id=23264, stack(0x0000000027380000,0x0000000027480000)]
  0x000000001ba1d800 JavaThread "jar transforms Thread 195" [_thread_blocked, id=5952, stack(0x0000000027280000,0x0000000027380000)]
  0x000000001ba1d000 JavaThread "jar transforms Thread 194" [_thread_blocked, id=9412, stack(0x0000000027180000,0x0000000027280000)]
  0x000000001ba18800 JavaThread "jar transforms Thread 193" [_thread_blocked, id=10416, stack(0x0000000027080000,0x0000000027180000)]
  0x000000001ba1c000 JavaThread "jar transforms Thread 192" [_thread_blocked, id=7792, stack(0x0000000026f80000,0x0000000027080000)]
  0x000000001ba1b800 JavaThread "jar transforms Thread 191" [_thread_blocked, id=7488, stack(0x0000000026e80000,0x0000000026f80000)]
  0x000000001ba1e800 JavaThread "jar transforms Thread 190" [_thread_blocked, id=18812, stack(0x0000000026d80000,0x0000000026e80000)]
  0x000000001ba11000 JavaThread "jar transforms Thread 189" [_thread_blocked, id=1504, stack(0x0000000026c80000,0x0000000026d80000)]
  0x000000001ba17800 JavaThread "jar transforms Thread 188" [_thread_blocked, id=20236, stack(0x0000000026b80000,0x0000000026c80000)]
  0x000000001ba17000 JavaThread "jar transforms Thread 187" [_thread_blocked, id=17488, stack(0x0000000026a80000,0x0000000026b80000)]
  0x000000001ba0f800 JavaThread "jar transforms Thread 186" [_thread_blocked, id=5808, stack(0x0000000026980000,0x0000000026a80000)]
  0x000000001ba14000 JavaThread "jar transforms Thread 185" [_thread_blocked, id=13944, stack(0x0000000026880000,0x0000000026980000)]
  0x000000001ba13000 JavaThread "jar transforms Thread 184" [_thread_blocked, id=21272, stack(0x0000000026780000,0x0000000026880000)]
  0x000000001ba14800 JavaThread "jar transforms Thread 183" [_thread_blocked, id=12792, stack(0x0000000026680000,0x0000000026780000)]
  0x000000001ba16000 JavaThread "jar transforms Thread 182" [_thread_blocked, id=11288, stack(0x0000000026580000,0x0000000026680000)]
  0x000000001ba11800 JavaThread "jar transforms Thread 181" [_thread_blocked, id=20424, stack(0x0000000026480000,0x0000000026580000)]
  0x000000001ba12800 JavaThread "jar transforms Thread 180" [_thread_blocked, id=10728, stack(0x0000000026380000,0x0000000026480000)]
  0x000000001ba10000 JavaThread "jar transforms Thread 179" [_thread_blocked, id=14760, stack(0x0000000026280000,0x0000000026380000)]
  0x000000001ba15800 JavaThread "jar transforms Thread 178" [_thread_blocked, id=14932, stack(0x0000000026180000,0x0000000026280000)]
  0x00000000174b1800 JavaThread "jar transforms Thread 177" [_thread_blocked, id=19892, stack(0x0000000026080000,0x0000000026180000)]
  0x00000000174b3000 JavaThread "jar transforms Thread 176" [_thread_blocked, id=22768, stack(0x0000000025f80000,0x0000000026080000)]
  0x00000000174b4800 JavaThread "jar transforms Thread 175" [_thread_blocked, id=20400, stack(0x0000000025e80000,0x0000000025f80000)]
  0x00000000174ae800 JavaThread "jar transforms Thread 174" [_thread_blocked, id=6912, stack(0x0000000025d80000,0x0000000025e80000)]
  0x00000000174b0800 JavaThread "jar transforms Thread 173" [_thread_blocked, id=11972, stack(0x0000000025c80000,0x0000000025d80000)]
  0x000000001b9dc800 JavaThread "jar transforms Thread 172" [_thread_blocked, id=12896, stack(0x0000000025b80000,0x0000000025c80000)]
  0x000000001b9db800 JavaThread "jar transforms Thread 171" [_thread_blocked, id=8752, stack(0x0000000025a80000,0x0000000025b80000)]
  0x000000001b9de000 JavaThread "jar transforms Thread 170" [_thread_blocked, id=16700, stack(0x0000000025980000,0x0000000025a80000)]
  0x000000001b9d2800 JavaThread "jar transforms Thread 169" [_thread_blocked, id=8360, stack(0x0000000025880000,0x0000000025980000)]
  0x000000001b9d9800 JavaThread "jar transforms Thread 168" [_thread_blocked, id=4516, stack(0x0000000025780000,0x0000000025880000)]
  0x000000001b9d8000 JavaThread "jar transforms Thread 167" [_thread_blocked, id=8124, stack(0x0000000025680000,0x0000000025780000)]
  0x000000001b9d2000 JavaThread "jar transforms Thread 166" [_thread_blocked, id=5148, stack(0x0000000025580000,0x0000000025680000)]
  0x000000001b9d1000 JavaThread "jar transforms Thread 165" [_thread_blocked, id=22628, stack(0x0000000025480000,0x0000000025580000)]
  0x000000001b9d5000 JavaThread "jar transforms Thread 164" [_thread_blocked, id=16460, stack(0x0000000025380000,0x0000000025480000)]
  0x000000001b9d0800 JavaThread "jar transforms Thread 163" [_thread_blocked, id=23452, stack(0x0000000025280000,0x0000000025380000)]
  0x000000001b9d3800 JavaThread "jar transforms Thread 162" [_thread_blocked, id=22472, stack(0x0000000025180000,0x0000000025280000)]
  0x000000001b9d6800 JavaThread "jar transforms Thread 161" [_thread_blocked, id=6208, stack(0x0000000025080000,0x0000000025180000)]
  0x000000001f51e000 JavaThread "jar transforms Thread 160" [_thread_blocked, id=11440, stack(0x0000000024f80000,0x0000000025080000)]
  0x000000001f51c000 JavaThread "jar transforms Thread 159" [_thread_blocked, id=17624, stack(0x0000000024e80000,0x0000000024f80000)]
  0x000000001f51a800 JavaThread "jar transforms Thread 158" [_thread_blocked, id=1544, stack(0x0000000024d80000,0x0000000024e80000)]
  0x000000001f513000 JavaThread "jar transforms Thread 157" [_thread_blocked, id=18228, stack(0x0000000024c80000,0x0000000024d80000)]
  0x000000001f519800 JavaThread "jar transforms Thread 156" [_thread_blocked, id=14440, stack(0x0000000024b80000,0x0000000024c80000)]
  0x000000001f519000 JavaThread "jar transforms Thread 155" [_thread_blocked, id=15496, stack(0x0000000024a80000,0x0000000024b80000)]
  0x000000001f517800 JavaThread "jar transforms Thread 154" [_thread_blocked, id=23332, stack(0x0000000024980000,0x0000000024a80000)]
  0x000000001f515000 JavaThread "jar transforms Thread 153" [_thread_blocked, id=22448, stack(0x0000000024880000,0x0000000024980000)]
  0x000000001f511800 JavaThread "jar transforms Thread 152" [_thread_blocked, id=5836, stack(0x0000000024780000,0x0000000024880000)]
  0x000000001f510000 JavaThread "jar transforms Thread 151" [_thread_blocked, id=18528, stack(0x0000000024680000,0x0000000024780000)]
  0x000000001f516800 JavaThread "jar transforms Thread 150" [_thread_blocked, id=23024, stack(0x0000000024580000,0x0000000024680000)]
  0x000000001f513800 JavaThread "jar transforms Thread 149" [_thread_blocked, id=6836, stack(0x0000000024480000,0x0000000024580000)]
  0x000000001f510800 JavaThread "jar transforms Thread 148" [_thread_blocked, id=12668, stack(0x0000000024380000,0x0000000024480000)]
  0x000000001d98f800 JavaThread "jar transforms Thread 147" [_thread_blocked, id=2796, stack(0x0000000024280000,0x0000000024380000)]
  0x000000001d98d800 JavaThread "jar transforms Thread 146" [_thread_blocked, id=5308, stack(0x0000000024180000,0x0000000024280000)]
  0x000000001d98c800 JavaThread "jar transforms Thread 145" [_thread_blocked, id=11688, stack(0x0000000024080000,0x0000000024180000)]
  0x000000001d98f000 JavaThread "jar transforms Thread 144" [_thread_blocked, id=15048, stack(0x0000000023f80000,0x0000000024080000)]
  0x000000001d98c000 JavaThread "jar transforms Thread 143" [_thread_blocked, id=13840, stack(0x0000000023e80000,0x0000000023f80000)]
  0x000000001d98e000 JavaThread "jar transforms Thread 142" [_thread_blocked, id=21536, stack(0x0000000023d80000,0x0000000023e80000)]
  0x000000001d984800 JavaThread "jar transforms Thread 141" [_thread_blocked, id=12436, stack(0x0000000023c80000,0x0000000023d80000)]
  0x000000001d98b000 JavaThread "jar transforms Thread 140" [_thread_blocked, id=13008, stack(0x0000000023b80000,0x0000000023c80000)]
  0x000000001d98a800 JavaThread "jar transforms Thread 139" [_thread_blocked, id=22144, stack(0x0000000023a80000,0x0000000023b80000)]
  0x000000001d989800 JavaThread "jar transforms Thread 138" [_thread_blocked, id=23120, stack(0x0000000023980000,0x0000000023a80000)]
  0x000000001d982000 JavaThread "jar transforms Thread 137" [_thread_blocked, id=13032, stack(0x0000000023880000,0x0000000023980000)]
  0x000000001d989000 JavaThread "jar transforms Thread 136" [_thread_blocked, id=19752, stack(0x0000000023780000,0x0000000023880000)]
  0x000000001d988000 JavaThread "jar transforms Thread 135" [_thread_blocked, id=23288, stack(0x0000000023680000,0x0000000023780000)]
  0x000000001d983800 JavaThread "jar transforms Thread 134" [_thread_blocked, id=20384, stack(0x0000000023580000,0x0000000023680000)]
  0x000000001f02b000 JavaThread "jar transforms Thread 133" [_thread_blocked, id=12048, stack(0x0000000023480000,0x0000000023580000)]
  0x000000001f028000 JavaThread "jar transforms Thread 132" [_thread_blocked, id=3976, stack(0x0000000023380000,0x0000000023480000)]
  0x000000001f02a800 JavaThread "jar transforms Thread 131" [_thread_blocked, id=3968, stack(0x0000000023280000,0x0000000023380000)]
  0x000000001f029000 JavaThread "jar transforms Thread 130" [_thread_blocked, id=20304, stack(0x0000000023180000,0x0000000023280000)]
  0x000000001f029800 JavaThread "jar transforms Thread 129" [_thread_blocked, id=13652, stack(0x0000000023080000,0x0000000023180000)]
  0x000000001f027000 JavaThread "jar transforms Thread 128" [_thread_blocked, id=14028, stack(0x0000000022f80000,0x0000000023080000)]
  0x000000001f025800 JavaThread "jar transforms Thread 127" [_thread_blocked, id=17348, stack(0x0000000022e80000,0x0000000022f80000)]
  0x000000001f025000 JavaThread "jar transforms Thread 126" [_thread_blocked, id=13136, stack(0x0000000022d80000,0x0000000022e80000)]
  0x000000001f026800 JavaThread "jar transforms Thread 125" [_thread_blocked, id=16808, stack(0x0000000022c80000,0x0000000022d80000)]
  0x000000001f024000 JavaThread "jar transforms Thread 124" [_thread_blocked, id=9748, stack(0x0000000022b80000,0x0000000022c80000)]
  0x000000001f01c800 JavaThread "jar transforms Thread 123" [_thread_blocked, id=2288, stack(0x0000000022a80000,0x0000000022b80000)]
  0x000000001f023800 JavaThread "jar transforms Thread 122" [_thread_blocked, id=20856, stack(0x0000000022980000,0x0000000022a80000)]
  0x000000001f021000 JavaThread "jar transforms Thread 121" [_thread_blocked, id=21640, stack(0x0000000022880000,0x0000000022980000)]
  0x000000001f020800 JavaThread "jar transforms Thread 120" [_thread_blocked, id=21268, stack(0x0000000022780000,0x0000000022880000)]
  0x000000001f01f800 JavaThread "jar transforms Thread 119" [_thread_blocked, id=7560, stack(0x0000000022680000,0x0000000022780000)]
  0x000000001f01f000 JavaThread "jar transforms Thread 118" [_thread_blocked, id=22436, stack(0x0000000022580000,0x0000000022680000)]
  0x000000001f01c000 JavaThread "jar transforms Thread 117" [_thread_blocked, id=548, stack(0x0000000022480000,0x0000000022580000)]
  0x000000001f022000 JavaThread "jar transforms Thread 116" [_thread_blocked, id=13524, stack(0x0000000022380000,0x0000000022480000)]
  0x000000001ba48800 JavaThread "jar transforms Thread 115" [_thread_blocked, id=10988, stack(0x0000000022280000,0x0000000022380000)]
  0x000000001ba4d800 JavaThread "jar transforms Thread 114" [_thread_blocked, id=16260, stack(0x0000000022180000,0x0000000022280000)]
  0x000000001ba4d000 JavaThread "Build operations Thread 4" [_thread_blocked, id=12400, stack(0x0000000022080000,0x0000000022180000)]
  0x000000001ba4a800 JavaThread "Build operations Thread 3" [_thread_blocked, id=10824, stack(0x0000000021f80000,0x0000000022080000)]
  0x000000001ba47800 JavaThread "Build operations Thread 2" [_thread_blocked, id=13060, stack(0x0000000021780000,0x0000000021880000)]
  0x000000001ba4b800 JavaThread "Build operations" [_thread_blocked, id=16616, stack(0x0000000020f80000,0x0000000021080000)]
  0x000000001ba40000 JavaThread "Cache worker for cache directory md-rule (C:\Users\maesp\.gradle\caches\6.5\md-rule)" [_thread_blocked, id=18396, stack(0x0000000020e80000,0x0000000020f80000)]
  0x000000001ba44800 JavaThread "Cache worker for cache directory md-supplier (C:\Users\maesp\.gradle\caches\6.5\md-supplier)" [_thread_blocked, id=6672, stack(0x000000001fb10000,0x000000001fc10000)]
  0x000000001ba47000 JavaThread "Cache worker for checksums cache (D:\Polytech\PTI\Minautor\.gradle\checksums)" [_thread_blocked, id=17424, stack(0x000000001fa10000,0x000000001fb10000)]
  0x000000001ba3f800 JavaThread "Cache worker for file hash cache (D:\Polytech\PTI\Minautor\.gradle\6.5\fileHashes)" [_thread_blocked, id=21092, stack(0x000000001cf70000,0x000000001d070000)]
  0x000000001ba41800 JavaThread "Thread-157" [_thread_blocked, id=9068, stack(0x000000001ce70000,0x000000001cf70000)]
  0x000000001ba46000 JavaThread "Stdin handler" [_thread_blocked, id=7044, stack(0x000000001cd70000,0x000000001ce70000)]
  0x000000001ba3e800 JavaThread "Asynchronous log dispatcher for DefaultDaemonConnection: socket connection from /127.0.0.1:54452 to /127.0.0.1:54491" [_thread_in_native, id=12268, stack(0x000000001cc70000,0x000000001cd70000)]
  0x000000001ba41000 JavaThread "Daemon worker Thread 2" [_thread_blocked, id=5240, stack(0x000000001cb70000,0x000000001cc70000)]
  0x000000001ba45800 JavaThread "Cancel handler" [_thread_blocked, id=15752, stack(0x000000001ca70000,0x000000001cb70000)]
  0x000000001ba44000 JavaThread "Handler for socket connection from /127.0.0.1:54452 to /127.0.0.1:54491" [_thread_in_native, id=20364, stack(0x000000001c970000,0x000000001ca70000)]
  0x000000001ba43000 JavaThread "Daemon Thread 2" [_thread_blocked, id=15720, stack(0x0000000000c00000,0x0000000000d00000)]
  0x000000001f518000 JavaThread "MarlinRenderer Disposer" daemon [_thread_blocked, id=22036, stack(0x000000002c020000,0x000000002c120000)]
  0x000000001f51b000 JavaThread "Java2D Disposer" daemon [_thread_blocked, id=15080, stack(0x000000002be50000,0x000000002bf50000)]
  0x000000001ba4c000 JavaThread "Memory manager" [_thread_blocked, id=18976, stack(0x000000002aa20000,0x000000002ab20000)]
  0x00000000174b3800 JavaThread "Cache worker for file content cache (C:\Users\maesp\.gradle\caches\6.5\fileContent)" [_thread_blocked, id=22368, stack(0x0000000021880000,0x0000000021980000)]
  0x00000000174b2000 JavaThread "Cache worker for execution history cache (C:\Users\maesp\.gradle\caches\6.5\executionHistory)" [_thread_blocked, id=7940, stack(0x0000000021080000,0x0000000021180000)]
  0x00000000174af000 JavaThread "Cache worker for file hash cache (C:\Users\maesp\.gradle\caches\6.5\fileHashes)" [_thread_blocked, id=18844, stack(0x000000001d570000,0x000000001d670000)]
  0x00000000174ad800 JavaThread "File lock request listener" [_thread_in_native, id=22292, stack(0x000000001d470000,0x000000001d570000)]
  0x0000000019ec5000 JavaThread "Cache worker for journal cache (C:\Users\maesp\.gradle\caches\journal-1)" [_thread_blocked, id=1364, stack(0x000000001d270000,0x000000001d370000)]
  0x000000001ae24000 JavaThread "Daemon periodic checks" [_thread_blocked, id=7280, stack(0x000000001c670000,0x000000001c770000)]
  0x000000001ada6000 JavaThread "Incoming local TCP Connector on port 54452" [_thread_in_native, id=11636, stack(0x000000001c400000,0x000000001c500000)]
  0x0000000019e93800 JavaThread "Daemon health stats" [_thread_blocked, id=5380, stack(0x000000001bdc0000,0x000000001bec0000)]
  0x0000000018e30800 JavaThread "Service Thread" daemon [_thread_blocked, id=10812, stack(0x0000000019220000,0x0000000019320000)]
  0x00000000174b0000 JavaThread "C1 CompilerThread2" daemon [_thread_blocked, id=15588, stack(0x0000000018d20000,0x0000000018e20000)]
  0x000000001749f000 JavaThread "C2 CompilerThread1" daemon [_thread_in_native, id=20580, stack(0x0000000018c20000,0x0000000018d20000)]
=>0x0000000017499800 JavaThread "C2 CompilerThread0" daemon [_thread_in_native, id=18084, stack(0x0000000018b20000,0x0000000018c20000)]
  0x0000000017498800 JavaThread "Attach Listener" daemon [_thread_blocked, id=7844, stack(0x0000000018a20000,0x0000000018b20000)]
  0x0000000017497800 JavaThread "Signal Dispatcher" daemon [_thread_blocked, id=22576, stack(0x0000000018920000,0x0000000018a20000)]
  0x000000000286d000 JavaThread "Finalizer" daemon [_thread_blocked, id=6696, stack(0x00000000186f0000,0x00000000187f0000)]
  0x0000000002864000 JavaThread "Reference Handler" daemon [_thread_blocked, id=3652, stack(0x00000000185f0000,0x00000000186f0000)]
  0x0000000000dbe800 JavaThread "main" [_thread_blocked, id=9824, stack(0x0000000002600000,0x0000000002700000)]

Other Threads:
  0x0000000017456800 VMThread [stack: 0x00000000184f0000,0x00000000185f0000] [id=14688]
  0x00000000174ee800 WatcherThread [stack: 0x0000000019320000,0x0000000019420000] [id=980]

VM state:not at safepoint (normal execution)

VM Mutex/Monitor currently owned by a thread: None

heap address: 0x0000000080000000, size: 2048 MB, Compressed Oops mode: 32-bit
Narrow klass base: 0x0000000000000000, Narrow klass shift: 3
Compressed class space size: 1073741824 Address: 0x0000000100000000

Heap:
 PSYoungGen      total 616448K, used 541825K [0x00000000d5580000, 0x0000000100000000, 0x0000000100000000)
  eden space 534016K, 92% used [0x00000000d5580000,0x00000000f3a66580,0x00000000f5f00000)
  from space 82432K, 54% used [0x00000000f5f00000,0x00000000f8b3a1d8,0x00000000faf80000)
  to   space 79872K, 0% used [0x00000000fb200000,0x00000000fb200000,0x0000000100000000)
 ParOldGen       total 197120K, used 173577K [0x0000000080000000, 0x000000008c080000, 0x00000000d5580000)
  object space 197120K, 88% used [0x0000000080000000,0x000000008a982720,0x000000008c080000)
 Metaspace       used 96987K, capacity 101990K, committed 102296K, reserved 1138688K
  class space    used 12531K, capacity 13426K, committed 13480K, reserved 1048576K

Card table byte_map: [0x0000000011c30000,0x0000000012040000] byte_map_base: 0x0000000011830000

Marking Bits: (ParMarkBitMap*) 0x0000000069e0f030
 Begin Bits: [0x00000000126f0000, 0x00000000146f0000)
 End Bits:   [0x00000000146f0000, 0x00000000166f0000)

Polling page: 0x0000000000dc0000

CodeCache: size=245760Kb used=60280Kb max_used=60280Kb free=185479Kb
 bounds [0x0000000002870000, 0x0000000006390000, 0x0000000011870000]
 total_blobs=18140 nmethods=17152 adapters=897
 compilation: enabled

Compilation events (10 events):
Event: 291.972 Thread 0x00000000174b0000 21564       2       com.google.common.collect.Maps$EntryFunction$1::apply (9 bytes)
Event: 291.972 Thread 0x00000000174b0000 nmethod 21564 0x0000000006386b10 code [0x0000000006386c80, 0x0000000006386e48]
Event: 291.976 Thread 0x00000000174b0000 21565       1       com.google.common.collect.Maps$FilteredEntryMap$EntrySet$1$1::delegate (5 bytes)
Event: 291.976 Thread 0x00000000174b0000 nmethod 21565 0x0000000006386f10 code [0x0000000006387060, 0x0000000006387170]
Event: 292.011 Thread 0x00000000174b0000 21566       2       com.google.common.collect.ForwardingObject::<init> (5 bytes)
Event: 292.011 Thread 0x00000000174b0000 nmethod 21566 0x00000000063871d0 code [0x0000000006387320, 0x0000000006387470]
Event: 292.039 Thread 0x00000000174b0000 21568       2       org.gradle.internal.work.DefaultWorkerLeaseService$DefaultWorkerLease::releaseLock (90 bytes)
Event: 292.040 Thread 0x00000000174b0000 nmethod 21568 0x0000000006387510 code [0x0000000006387700, 0x0000000006387df8]
Event: 292.040 Thread 0x00000000174b0000 21569       2       org.gradle.internal.work.DefaultWorkerLeaseService$DefaultWorkerLease::releaseLease (28 bytes)
Event: 292.041 Thread 0x00000000174b0000 nmethod 21569 0x00000000063884d0 code [0x0000000006388620, 0x0000000006388790]

GC Heap History (10 events):
Event: 47.940 GC heap before
{Heap before GC invocations=35 (full 4):
 PSYoungGen      total 624640K, used 590215K [0x00000000d5580000, 0x0000000100000000, 0x0000000100000000)
  eden space 553472K, 100% used [0x00000000d5580000,0x00000000f7200000,0x00000000f7200000)
  from space 71168K, 51% used [0x00000000fb480000,0x00000000fd861f78,0x00000000ffa00000)
  to   space 68096K, 0% used [0x00000000f7200000,0x00000000f7200000,0x00000000fb480000)
 ParOldGen       total 197120K, used 135958K [0x0000000080000000, 0x000000008c080000, 0x00000000d5580000)
  object space 197120K, 68% used [0x0000000080000000,0x00000000884c58f0,0x000000008c080000)
 Metaspace       used 85701K, capacity 90030K, committed 90392K, reserved 1128448K
  class space    used 11377K, capacity 12188K, committed 12328K, reserved 1048576K
Event: 47.978 GC heap after
Heap after GC invocations=35 (full 4):
 PSYoungGen      total 621568K, used 26801K [0x00000000d5580000, 0x00000000ffa00000, 0x0000000100000000)
  eden space 553472K, 0% used [0x00000000d5580000,0x00000000d5580000,0x00000000f7200000)
  from space 68096K, 39% used [0x00000000f7200000,0x00000000f8c2c658,0x00000000fb480000)
  to   space 66560K, 0% used [0x00000000fb900000,0x00000000fb900000,0x00000000ffa00000)
 ParOldGen       total 197120K, used 138682K [0x0000000080000000, 0x000000008c080000, 0x00000000d5580000)
  object space 197120K, 70% used [0x0000000080000000,0x000000008876e800,0x000000008c080000)
 Metaspace       used 85701K, capacity 90030K, committed 90392K, reserved 1128448K
  class space    used 11377K, capacity 12188K, committed 12328K, reserved 1048576K
}
Event: 49.470 GC heap before
{Heap before GC invocations=36 (full 4):
 PSYoungGen      total 621568K, used 580273K [0x00000000d5580000, 0x00000000ffa00000, 0x0000000100000000)
  eden space 553472K, 100% used [0x00000000d5580000,0x00000000f7200000,0x00000000f7200000)
  from space 68096K, 39% used [0x00000000f7200000,0x00000000f8c2c658,0x00000000fb480000)
  to   space 66560K, 0% used [0x00000000fb900000,0x00000000fb900000,0x00000000ffa00000)
 ParOldGen       total 197120K, used 138682K [0x0000000080000000, 0x000000008c080000, 0x00000000d5580000)
  object space 197120K, 70% used [0x0000000080000000,0x000000008876e800,0x000000008c080000)
 Metaspace       used 85732K, capacity 90038K, committed 90392K, reserved 1128448K
  class space    used 11377K, capacity 12188K, committed 12328K, reserved 1048576K
Event: 49.524 GC heap after
Heap after GC invocations=36 (full 4):
 PSYoungGen      total 627200K, used 41213K [0x00000000d5580000, 0x00000000ffc80000, 0x0000000100000000)
  eden space 560640K, 0% used [0x00000000d5580000,0x00000000d5580000,0x00000000f7900000)
  from space 66560K, 61% used [0x00000000fb900000,0x00000000fe13f560,0x00000000ffa00000)
  to   space 65536K, 0% used [0x00000000f7900000,0x00000000f7900000,0x00000000fb900000)
 ParOldGen       total 197120K, used 138682K [0x0000000080000000, 0x000000008c080000, 0x00000000d5580000)
  object space 197120K, 70% used [0x0000000080000000,0x000000008876e800,0x000000008c080000)
 Metaspace       used 85732K, capacity 90038K, committed 90392K, reserved 1128448K
  class space    used 11377K, capacity 12188K, committed 12328K, reserved 1048576K
}
Event: 50.663 GC heap before
{Heap before GC invocations=37 (full 4):
 PSYoungGen      total 627200K, used 601853K [0x00000000d5580000, 0x00000000ffc80000, 0x0000000100000000)
  eden space 560640K, 100% used [0x00000000d5580000,0x00000000f7900000,0x00000000f7900000)
  from space 66560K, 61% used [0x00000000fb900000,0x00000000fe13f560,0x00000000ffa00000)
  to   space 65536K, 0% used [0x00000000f7900000,0x00000000f7900000,0x00000000fb900000)
 ParOldGen       total 197120K, used 138682K [0x0000000080000000, 0x000000008c080000, 0x00000000d5580000)
  object space 197120K, 70% used [0x0000000080000000,0x000000008876e800,0x000000008c080000)
 Metaspace       used 85749K, capacity 90050K, committed 90392K, reserved 1128448K
  class space    used 11380K, capacity 12190K, committed 12328K, reserved 1048576K
Event: 50.693 GC heap after
Heap after GC invocations=37 (full 4):
 PSYoungGen      total 626176K, used 26107K [0x00000000d5580000, 0x00000000ffc00000, 0x0000000100000000)
  eden space 560640K, 0% used [0x00000000d5580000,0x00000000d5580000,0x00000000f7900000)
  from space 65536K, 39% used [0x00000000f7900000,0x00000000f927ef48,0x00000000fb900000)
  to   space 64000K, 0% used [0x00000000fbd80000,0x00000000fbd80000,0x00000000ffc00000)
 ParOldGen       total 197120K, used 138682K [0x0000000080000000, 0x000000008c080000, 0x00000000d5580000)
  object space 197120K, 70% used [0x0000000080000000,0x000000008876e800,0x000000008c080000)
 Metaspace       used 85749K, capacity 90050K, committed 90392K, reserved 1128448K
  class space    used 11380K, capacity 12190K, committed 12328K, reserved 1048576K
}
Event: 52.768 GC heap before
{Heap before GC invocations=38 (full 4):
 PSYoungGen      total 626176K, used 586747K [0x00000000d5580000, 0x00000000ffc00000, 0x0000000100000000)
  eden space 560640K, 100% used [0x00000000d5580000,0x00000000f7900000,0x00000000f7900000)
  from space 65536K, 39% used [0x00000000f7900000,0x00000000f927ef48,0x00000000fb900000)
  to   space 64000K, 0% used [0x00000000fbd80000,0x00000000fbd80000,0x00000000ffc00000)
 ParOldGen       total 197120K, used 138682K [0x0000000080000000, 0x000000008c080000, 0x00000000d5580000)
  object space 197120K, 70% used [0x0000000080000000,0x000000008876e800,0x000000008c080000)
 Metaspace       used 86513K, capacity 90962K, committed 91160K, reserved 1128448K
  class space    used 11459K, capacity 12292K, committed 12328K, reserved 1048576K
Event: 52.986 GC heap after
Heap after GC invocations=38 (full 4):
 PSYoungGen      total 598016K, used 63999K [0x00000000d5580000, 0x0000000100000000, 0x0000000100000000)
  eden space 534016K, 0% used [0x00000000d5580000,0x00000000d5580000,0x00000000f5f00000)
  from space 64000K, 99% used [0x00000000fbd80000,0x00000000ffbffe58,0x00000000ffc00000)
  to   space 82432K, 0% used [0x00000000f5f00000,0x00000000f5f00000,0x00000000faf80000)
 ParOldGen       total 197120K, used 165833K [0x0000000080000000, 0x000000008c080000, 0x00000000d5580000)
  object space 197120K, 84% used [0x0000000080000000,0x000000008a1f2648,0x000000008c080000)
 Metaspace       used 86513K, capacity 90962K, committed 91160K, reserved 1128448K
  class space    used 11459K, capacity 12292K, committed 12328K, reserved 1048576K
}
Event: 61.455 GC heap before
{Heap before GC invocations=39 (full 4):
 PSYoungGen      total 598016K, used 598015K [0x00000000d5580000, 0x0000000100000000, 0x0000000100000000)
  eden space 534016K, 100% used [0x00000000d5580000,0x00000000f5f00000,0x00000000f5f00000)
  from space 64000K, 99% used [0x00000000fbd80000,0x00000000ffbffe58,0x00000000ffc00000)
  to   space 82432K, 0% used [0x00000000f5f00000,0x00000000f5f00000,0x00000000faf80000)
 ParOldGen       total 197120K, used 165833K [0x0000000080000000, 0x000000008c080000, 0x00000000d5580000)
  object space 197120K, 84% used [0x0000000080000000,0x000000008a1f2648,0x000000008c080000)
 Metaspace       used 89119K, capacity 93720K, committed 93976K, reserved 1130496K
  class space    used 11727K, capacity 12579K, committed 12584K, reserved 1048576K
Event: 61.521 GC heap after
Heap after GC invocations=39 (full 4):
 PSYoungGen      total 616448K, used 45288K [0x00000000d5580000, 0x0000000100000000, 0x0000000100000000)
  eden space 534016K, 0% used [0x00000000d5580000,0x00000000d5580000,0x00000000f5f00000)
  from space 82432K, 54% used [0x00000000f5f00000,0x00000000f8b3a1d8,0x00000000faf80000)
  to   space 79872K, 0% used [0x00000000fb200000,0x00000000fb200000,0x0000000100000000)
 ParOldGen       total 197120K, used 173577K [0x0000000080000000, 0x000000008c080000, 0x00000000d5580000)
  object space 197120K, 88% used [0x0000000080000000,0x000000008a982720,0x000000008c080000)
 Metaspace       used 89119K, capacity 93720K, committed 93976K, reserved 1130496K
  class space    used 11727K, capacity 12579K, committed 12584K, reserved 1048576K
}

Deoptimization events (10 events):
Event: 290.950 Thread 0x000000001b1cc800 Uncommon trap: reason=class_check action=maybe_recompile pc=0x0000000002b9251c method=java.util.HashMap$EntrySpliterator.forEachRemaining(Ljava/util/function/Consumer;)V @ 142
Event: 290.950 Thread 0x000000001b1cc800 Uncommon trap: reason=unstable_if action=reinterpret pc=0x000000000337f368 method=com.sun.org.apache.xerces.internal.dom.ParentNode.internalInsertBefore(Lorg/w3c/dom/Node;Lorg/w3c/dom/Node;Z)Lorg/w3c/dom/Node; @ 572
Event: 290.951 Thread 0x000000001b1cc800 Uncommon trap: reason=speculate_class_check action=maybe_recompile pc=0x00000000062b5854 method=com.sun.org.apache.xerces.internal.dom.ElementImpl.getNodeName()Ljava/lang/String; @ 8
Event: 290.963 Thread 0x000000001b1cc800 Uncommon trap: reason=unstable_if action=reinterpret pc=0x0000000002b01158 method=java.lang.AbstractStringBuilder.append(Ljava/lang/String;)Ljava/lang/AbstractStringBuilder; @ 1
Event: 290.968 Thread 0x000000001b1cc800 Uncommon trap: reason=unstable_if action=reinterpret pc=0x0000000002ad3a38 method=java.lang.AbstractStringBuilder.append(Ljava/lang/String;)Ljava/lang/AbstractStringBuilder; @ 1
Event: 291.016 Thread 0x000000001b1cc800 Uncommon trap: reason=unstable_if action=reinterpret pc=0x00000000054cf040 method=java.lang.Class.getSimpleName()Ljava/lang/String; @ 4
Event: 291.092 Thread 0x000000001b1cc800 Uncommon trap: reason=array_check action=maybe_recompile pc=0x000000000612de8c method=java.util.ComparableTimSort.binarySort([Ljava/lang/Object;III)V @ 193
Event: 291.119 Thread 0x000000001b1c5000 Uncommon trap: reason=class_check action=maybe_recompile pc=0x0000000004498b38 method=com.google.common.collect.CompactHashMap$Itr.<init>(Lcom/google/common/collect/CompactHashMap;)V @ 25
Event: 291.121 Thread 0x000000001b1c5000 Uncommon trap: reason=array_check action=maybe_recompile pc=0x000000000612de8c method=java.util.ComparableTimSort.binarySort([Ljava/lang/Object;III)V @ 193
Event: 291.178 Thread 0x000000001b1cf000 Uncommon trap: reason=class_check action=maybe_recompile pc=0x0000000003e013d4 method=com.sun.org.apache.xerces.internal.dom.ElementImpl.getTagName()Ljava/lang/String; @ 8

Classes redefined (0 events):
No events

Internal exceptions (10 events):
Event: 64.282 Thread 0x000000001aeb1800 Exception <a 'java/lang/NoSuchMethodError': <clinit>> (0x00000000e4e7ee80) thrown at [C:\src\AOSP-openjdk-git\hotspot\src\share\vm\prims\jni.cpp, line 1615]
Event: 64.282 Thread 0x000000001aeb1800 Exception <a 'java/lang/NoSuchMethodError': <clinit>> (0x00000000e4e81330) thrown at [C:\src\AOSP-openjdk-git\hotspot\src\share\vm\prims\jni.cpp, line 1615]
Event: 64.282 Thread 0x000000001aeb1800 Exception <a 'java/lang/NoSuchMethodError': <clinit>> (0x00000000e4e91450) thrown at [C:\src\AOSP-openjdk-git\hotspot\src\share\vm\prims\jni.cpp, line 1615]
Event: 64.283 Thread 0x000000001aeb1800 Exception <a 'java/lang/NoSuchMethodError': <clinit>> (0x00000000e4e9c800) thrown at [C:\src\AOSP-openjdk-git\hotspot\src\share\vm\prims\jni.cpp, line 1615]
Event: 288.770 Thread 0x000000001ba41000 Implicit null exception at 0x000000000442729e to 0x0000000004427bb5
Event: 288.771 Thread 0x000000001ba41000 Implicit null exception at 0x0000000005feb599 to 0x0000000005fefe99
Event: 289.722 Thread 0x000000001ba41000 Exception <a 'sun/nio/fs/WindowsException'> (0x00000000eb0af158) thrown at [C:\src\AOSP-openjdk-git\hotspot\src\share\vm\prims\jni.cpp, line 710]
Event: 290.963 Thread 0x000000001b1cc800 Implicit null exception at 0x0000000002b00d99 to 0x0000000002b01141
Event: 290.968 Thread 0x000000001b1cc800 Implicit null exception at 0x0000000002ad3696 to 0x0000000002ad3a21
Event: 291.116 Thread 0x000000001b1c5000 Exception <a 'java/lang/NoSuchMethodError': java.lang.Object.lambda$comparingByKey$bbdbfea9$1(Ljava/util/Map$Entry;Ljava/util/Map$Entry;)I> (0x00000000f03882b0) thrown at [C:\src\AOSP-openjdk-git\hotspot\src\share\vm\interpreter\linkResolver.cpp, line 620

Events (10 events):
Event: 291.178 Thread 0x000000001b1cf000 DEOPT UNPACKING pc=0x00000000028b557b sp=0x000000002bc4e0b8 mode 2
Event: 291.840 Executing VM operation: RevokeBias
Event: 291.840 Executing VM operation: RevokeBias done
Event: 291.847 Thread 0x00000000174b0000 flushing nmethod 0x0000000002c94690
Event: 291.847 Thread 0x00000000174b0000 flushing nmethod 0x0000000002cc6390
Event: 291.847 Thread 0x00000000174b0000 flushing nmethod 0x0000000002ccbc90
Event: 291.847 Thread 0x00000000174b0000 flushing nmethod 0x0000000002de3e50
Event: 291.851 Thread 0x00000000174b0000 flushing nmethod 0x00000000033cd390
Event: 291.902 Thread 0x00000000174b0000 flushing nmethod 0x0000000003740d50
Event: 291.922 Thread 0x00000000174b0000 flushing nmethod 0x0000000004bc3290


Dynamic libraries:
0x00007ff6bdea0000 - 0x00007ff6bded1000 	C:\Users\maesp\AppData\Local\JetBrains\Toolbox\apps\AndroidStudio\ch-0\201.7199119\jre\bin\java.exe
0x00007ffcdaf50000 - 0x00007ffcdb145000 	C:\WINDOWS\SYSTEM32\ntdll.dll
0x00007ffcc34e0000 - 0x00007ffcc34f2000 	D:\Avast\aswhook.dll
0x00007ffcd9b50000 - 0x00007ffcd9c0d000 	C:\WINDOWS\System32\KERNEL32.DLL
0x00007ffcd8b90000 - 0x00007ffcd8e59000 	C:\WINDOWS\System32\KERNELBASE.dll
0x00007ffcda270000 - 0x00007ffcda31c000 	C:\WINDOWS\System32\ADVAPI32.dll
0x00007ffcd9900000 - 0x00007ffcd999e000 	C:\WINDOWS\System32\msvcrt.dll
0x00007ffcda430000 - 0x00007ffcda4cc000 	C:\WINDOWS\System32\sechost.dll
0x00007ffcd9a20000 - 0x00007ffcd9b4b000 	C:\WINDOWS\System32\RPCRT4.dll
0x00007ffcd90d0000 - 0x00007ffcd9270000 	C:\WINDOWS\System32\USER32.dll
0x00007ffcd8a50000 - 0x00007ffcd8a72000 	C:\WINDOWS\System32\win32u.dll
0x00007ffcd9270000 - 0x00007ffcd929a000 	C:\WINDOWS\System32\GDI32.dll
0x00007ffcd8a80000 - 0x00007ffcd8b8b000 	C:\WINDOWS\System32\gdi32full.dll
0x00007ffcd8e60000 - 0x00007ffcd8efd000 	C:\WINDOWS\System32\msvcp_win.dll
0x00007ffcd8950000 - 0x00007ffcd8a50000 	C:\WINDOWS\System32\ucrtbase.dll
0x00007ffcc5d50000 - 0x00007ffcc5fea000 	C:\WINDOWS\WinSxS\amd64_microsoft.windows.common-controls_6595b64144ccf1df_6.0.19041.844_none_ca00b6081b84eb1d\COMCTL32.dll
0x00007ffcda3a0000 - 0x00007ffcda3d0000 	C:\WINDOWS\System32\IMM32.DLL
0x0000000068c10000 - 0x0000000068ce2000 	C:\Users\maesp\AppData\Local\JetBrains\Toolbox\apps\AndroidStudio\ch-0\201.7199119\jre\jre\bin\msvcr100.dll
0x0000000069640000 - 0x0000000069e8b000 	C:\Users\maesp\AppData\Local\JetBrains\Toolbox\apps\AndroidStudio\ch-0\201.7199119\jre\jre\bin\server\jvm.dll
0x00007ffcda260000 - 0x00007ffcda268000 	C:\WINDOWS\System32\PSAPI.DLL
0x00007ffcc3e50000 - 0x00007ffcc3e77000 	C:\WINDOWS\SYSTEM32\WINMM.dll
0x00007ffccbda0000 - 0x00007ffccbdaa000 	C:\WINDOWS\SYSTEM32\VERSION.dll
0x00007ffcc1a90000 - 0x00007ffcc1a99000 	C:\WINDOWS\SYSTEM32\WSOCK32.dll
0x00007ffcda4d0000 - 0x00007ffcda53b000 	C:\WINDOWS\System32\WS2_32.dll
0x00007ffcd3460000 - 0x00007ffcd346f000 	C:\Users\maesp\AppData\Local\JetBrains\Toolbox\apps\AndroidStudio\ch-0\201.7199119\jre\jre\bin\verify.dll
0x00007ffcd2070000 - 0x00007ffcd2099000 	C:\Users\maesp\AppData\Local\JetBrains\Toolbox\apps\AndroidStudio\ch-0\201.7199119\jre\jre\bin\java.dll
0x00007ffcca530000 - 0x00007ffcca546000 	C:\Users\maesp\AppData\Local\JetBrains\Toolbox\apps\AndroidStudio\ch-0\201.7199119\jre\jre\bin\zip.dll
0x00007ffcda540000 - 0x00007ffcdac82000 	C:\WINDOWS\System32\SHELL32.dll
0x00007ffcd6440000 - 0x00007ffcd6bd0000 	C:\WINDOWS\SYSTEM32\windows.storage.dll
0x00007ffcd92b0000 - 0x00007ffcd9605000 	C:\WINDOWS\System32\combase.dll
0x00007ffcd8100000 - 0x00007ffcd812c000 	C:\WINDOWS\SYSTEM32\Wldp.dll
0x00007ffcdacf0000 - 0x00007ffcdad9e000 	C:\WINDOWS\System32\SHCORE.dll
0x00007ffcd9610000 - 0x00007ffcd9665000 	C:\WINDOWS\System32\shlwapi.dll
0x00007ffcd85d0000 - 0x00007ffcd85ef000 	C:\WINDOWS\SYSTEM32\profapi.dll
0x00007ffcca4a0000 - 0x00007ffcca4ba000 	C:\Users\maesp\AppData\Local\JetBrains\Toolbox\apps\AndroidStudio\ch-0\201.7199119\jre\jre\bin\net.dll
0x00007ffcd7e80000 - 0x00007ffcd7eea000 	C:\WINDOWS\system32\mswsock.dll
0x00007ffcca480000 - 0x00007ffcca493000 	C:\Users\maesp\AppData\Local\JetBrains\Toolbox\apps\AndroidStudio\ch-0\201.7199119\jre\jre\bin\nio.dll
0x00007ffcc3110000 - 0x00007ffcc3137000 	C:\Users\maesp\.gradle\native\f6784746aeab05261644944871eae4fe03e0ef1612fff0a4a95f87b438bc6780\windows-amd64\native-platform.dll
0x00007ffcd3450000 - 0x00007ffcd345d000 	C:\Users\maesp\AppData\Local\JetBrains\Toolbox\apps\AndroidStudio\ch-0\201.7199119\jre\jre\bin\management.dll
0x00007ffcd8060000 - 0x00007ffcd8078000 	C:\WINDOWS\SYSTEM32\CRYPTSP.dll
0x00007ffcd77b0000 - 0x00007ffcd77e4000 	C:\WINDOWS\system32\rsaenh.dll
0x00007ffcd8710000 - 0x00007ffcd8737000 	C:\WINDOWS\System32\bcrypt.dll
0x00007ffcd8550000 - 0x00007ffcd857e000 	C:\WINDOWS\SYSTEM32\USERENV.dll
0x00007ffcd8690000 - 0x00007ffcd8710000 	C:\WINDOWS\System32\bcryptprimitives.dll
0x00007ffcd8050000 - 0x00007ffcd805c000 	C:\WINDOWS\SYSTEM32\CRYPTBASE.dll
0x00007ffcd7b20000 - 0x00007ffcd7b5b000 	C:\WINDOWS\SYSTEM32\IPHLPAPI.DLL
0x00007ffcd92a0000 - 0x00007ffcd92a8000 	C:\WINDOWS\System32\NSI.dll
0x00007ffcd5800000 - 0x00007ffcd5817000 	C:\WINDOWS\SYSTEM32\dhcpcsvc6.DLL
0x00007ffcd56d0000 - 0x00007ffcd56ed000 	C:\WINDOWS\SYSTEM32\dhcpcsvc.DLL
0x00007ffcd7b70000 - 0x00007ffcd7c3b000 	C:\WINDOWS\SYSTEM32\DNSAPI.dll
0x00007ffccbc90000 - 0x00007ffccbc9b000 	C:\WINDOWS\SYSTEM32\WINNSI.DLL
0x00007ffc9e560000 - 0x00007ffc9e6fc000 	C:\Users\maesp\AppData\Local\JetBrains\Toolbox\apps\AndroidStudio\ch-0\201.7199119\jre\jre\bin\awt.dll
0x00007ffcd9830000 - 0x00007ffcd98fd000 	C:\WINDOWS\System32\OLEAUT32.dll
0x00007ffcd5f70000 - 0x00007ffcd5f9f000 	C:\WINDOWS\SYSTEM32\dwmapi.dll
0x00007ffcd4390000 - 0x00007ffcd4950000 	C:\WINDOWS\SYSTEM32\d2d1.dll
0x00007ffcd5a30000 - 0x00007ffcd5ac0000 	C:\WINDOWS\SYSTEM32\apphelp.dll
0x00007ffcd5da0000 - 0x00007ffcd5e3e000 	C:\WINDOWS\system32\uxtheme.dll
0x00007ffcc3150000 - 0x00007ffcc316e000 	C:\Users\maesp\AppData\Local\Temp\native-platform8944303722525956258dir\native-platform.dll

VM Arguments:
jvm_args: -Xmx2048m -Dfile.encoding=UTF-8 -Duser.country=FR -Duser.language=fr -Duser.variant 
java_command: org.gradle.launcher.daemon.bootstrap.GradleDaemon 6.5
java_class_path (initial): C:\Users\maesp\.gradle\wrapper\dists\gradle-6.5-bin\6nifqtx7604sqp1q6g8wikw7p\gradle-6.5\lib\gradle-launcher-6.5.jar
Launcher Type: SUN_STANDARD

Environment Variables:
JAVA_HOME=C:\Program Files\Java\jdk1.8.0_241
PATH=D:\\opl\bin\x64_win64;D:\\opl\oplide\;D:\\cplex\bin\x64_win64;D:\\cpoptimizer\bin\x64_win64;C:\Python27\;C:\Python27\Scripts;C:\Python38\Scripts\;C:\Python38\;C:\Program Files (x86)\Common Files\Oracle\Java\javapath;C:\Program Files (x86)\Intel\iCLS Client\;C:\Program Files\Intel\iCLS Client\;C:\windows\system32;C:\windows;C:\windows\System32\Wbem;C:\windows\System32\WindowsPowerShell\v1.0\;C:\Program Files (x86)\Intel\Intel(R) Management Engine Components\DAL;C:\Program Files\Intel\Intel(R) Management Engine Components\DAL;C:\Program Files (x86)\Intel\Intel(R) Management Engine Components\IPT;C:\Program Files\Intel\Intel(R) Management Engine Components\IPT;C:\Program Files\Microsoft SQL Server\130\Tools\Binn\;C:\Program Files (x86)\Windows Kits\8.1\Windows Performance Toolkit\;C:\Program Files\Microsoft SQL Server\Client SDK\ODBC\110\Tools\Binn\;C:\Program Files (x86)\Microsoft SQL Server\120\Tools\Binn\;C:\Program Files\Microsoft SQL Server\120\Tools\Binn\;C:\Program Files\Microsoft SQL Server\120\DTS\Binn\;C:\WINDOWS\system32;C:\WINDOWS;C:\WINDOWS\System32\Wbem;C:\WINDOWS\System32\WindowsPowerShell\v1.0\;C:\WINDOWS\System32\OpenSSH\;C:\ProgramData\ComposerSetup\bin;C:\Program Files\Git\cmd;C:\ProgramData\chocolatey\bin;C:\Program Files\nodejs\;C:\apache-maven-3.6.3;C:\Users\maesp\AppData\Local\Microsoft\WindowsApps;C:\php;C:\Users\maesp\AppData\Local\Programs\Microsoft VS Code\bin;C:\Users\maesp\AppData\Roaming\Composer\vendor\bin;C:\Users\maesp\AppData\Roaming\npm;%USERPROFILE%\AppData\Local\Microsoft\WindowsApps
USERNAME=maesp
OS=Windows_NT
PROCESSOR_IDENTIFIER=Intel64 Family 6 Model 158 Stepping 9, GenuineIntel



---------------  S Y S T E M  ---------------

OS: Windows 10.0 , 64 bit Build 19041 (10.0.19041.804)

CPU:total 4 (initial active 4) (4 cores per cpu, 1 threads per core) family 6 model 158 stepping 9, cmov, cx8, fxsr, mmx, sse, sse2, sse3, ssse3, sse4.1, sse4.2, popcnt, avx, avx2, aes, clmul, erms, 3dnowpref, lzcnt, tsc, tscinvbit, bmi1, bmi2, adx

Memory: 4k page, physical 8272852k(792220k free), swap 23740496k(5748k free)

vm_info: OpenJDK 64-Bit Server VM (25.242-b01) for windows-amd64 JRE (1.8.0_242-release-1644-b01), built by "builder" with MS VC++ 10.0 (VS2010)

time: Thu Apr 01 15:02:44 2021
timezone: Paris, Madrid (heure d’été)
elapsed time: 292 seconds (0d 0h 4m 52s)

